# JRE version: OpenJDK Runtime Environment Temurin-21.0.12.1+1 (21.0.12.1+1) (build 21.0.12.1+1-LTS)
# Java VM: OpenJDK 64-Bit Server VM Temurin-21.0.12.1+1 (21.0.12.1+1-LTS, mixed mode, sharing, tiered, compressed oops, compressed class ptrs, g1 gc, windows-amd64)
GC Precious Log:
 CardTable entry size: 512
 Card Set container configuration: InlinePtr #cards 5 size 8 Array Of Cards #cards 12 size 40 Howl #buckets 4 coarsen threshold 1843 Howl Bitmap #cards 512 size 80 coarsen threshold 460 Card regions per heap region 1 cards per card region 2048
 CPUs: 8 total, 8 available
 Memory: 7926M
 Large Page Support: Disabled
 NUMA Support: Disabled
 Compressed Oops: Enabled (32-bit)
 Heap Region Size: 1M
 Heap Min Capacity: 256M
 Heap Initial Capacity: 256M
 Heap Max Capacity: 512M
 Pre-touch: Disabled
 Parallel Workers: 8
 Concurrent Workers: 2
 Concurrent Refinement Workers: 8
 Periodic GC: Disabled
Heap:
 garbage-first heap   total 262144K, used 102977K [0x00000000e0000000, 0x0000000100000000)
  region size 1024K, 64 young (65536K), 8 survivors (8192K)
 Metaspace       used 44099K, committed 45376K, reserved 393216K
  class space    used 6290K, committed 6912K, reserved 327680K
GC Heap History (12 events):
Event: 1.451 GC heap before
{Heap before GC invocations=0 (full 0):
 garbage-first heap   total 262144K, used 26624K [0x00000000e0000000, 0x0000000100000000)
  region size 1024K, 23 young (23552K), 0 survivors (0K)
 Metaspace       used 1126K, committed 1280K, reserved 393216K
  class space    used 81K, committed 128K, reserved 327680K
}
Event: 1.581 GC heap after
{Heap after GC invocations=1 (full 0):
 garbage-first heap   total 262144K, used 10431K [0x00000000e0000000, 0x0000000100000000)
  region size 1024K, 3 young (3072K), 3 survivors (3072K)
 Metaspace       used 1126K, committed 1280K, reserved 393216K
  class space    used 81K, committed 128K, reserved 327680K
}
Event: 3.648 GC heap before
{Heap before GC invocations=1 (full 0):
 garbage-first heap   total 262144K, used 41151K [0x00000000e0000000, 0x0000000100000000)
  region size 1024K, 33 young (33792K), 3 survivors (3072K)
 Metaspace       used 4299K, committed 4480K, reserved 393216K
  class space    used 547K, committed 640K, reserved 327680K
}
Event: 3.654 GC heap after
{Heap after GC invocations=2 (full 0):
 garbage-first heap   total 262144K, used 12215K [0x00000000e0000000, 0x0000000100000000)
  region size 1024K, 2 young (2048K), 2 survivors (2048K)
 Metaspace       used 4299K, committed 4480K, reserved 393216K
  class space    used 547K, committed 640K, reserved 327680K
}
Event: 19.843 GC heap before
{Heap before GC invocations=2 (full 0):
 garbage-first heap   total 262144K, used 144311K [0x00000000e0000000, 0x0000000100000000)
  region size 1024K, 130 young (133120K), 2 survivors (2048K)
 Metaspace       used 20818K, committed 21504K, reserved 393216K
  class space    used 3072K, committed 3392K, reserved 327680K
}
Event: 19.881 GC heap after
{Heap after GC invocations=3 (full 0):
 garbage-first heap   total 262144K, used 25355K [0x00000000e0000000, 0x0000000100000000)
  region size 1024K, 14 young (14336K), 14 survivors (14336K)
 Metaspace       used 20818K, committed 21504K, reserved 393216K
  class space    used 3072K, committed 3392K, reserved 327680K
}
Event: 34.810 GC heap before
{Heap before GC invocations=4 (full 0):
 garbage-first heap   total 262144K, used 166667K [0x00000000e0000000, 0x0000000100000000)
  region size 1024K, 153 young (156672K), 14 survivors (14336K)
 Metaspace       used 34796K, committed 35968K, reserved 393216K
  class space    used 5232K, committed 5824K, reserved 327680K
}
Event: 34.874 GC heap after
{Heap after GC invocations=5 (full 0):
 garbage-first heap   total 262144K, used 33618K [0x00000000e0000000, 0x0000000100000000)
  region size 1024K, 9 young (9216K), 9 survivors (9216K)
 Metaspace       used 34796K, committed 35968K, reserved 393216K
  class space    used 5232K, committed 5824K, reserved 327680K
}
Event: 39.202 GC heap before
{Heap before GC invocations=5 (full 0):
 garbage-first heap   total 262144K, used 120658K [0x00000000e0000000, 0x0000000100000000)
  region size 1024K, 95 young (97280K), 9 survivors (9216K)
 Metaspace       used 34903K, committed 36096K, reserved 393216K
  class space    used 5245K, committed 5824K, reserved 327680K
}
Event: 39.227 GC heap after
{Heap after GC invocations=6 (full 0):
 garbage-first heap   total 262144K, used 39087K [0x00000000e0000000, 0x0000000100000000)
  region size 1024K, 14 young (14336K), 14 survivors (14336K)
 Metaspace       used 34903K, committed 36096K, reserved 393216K
  class space    used 5245K, committed 5824K, reserved 327680K
}
Event: 40.758 GC heap before
{Heap before GC invocations=6 (full 0):
 garbage-first heap   total 262144K, used 88239K [0x00000000e0000000, 0x0000000100000000)
  region size 1024K, 64 young (65536K), 14 survivors (14336K)
 Metaspace       used 35255K, committed 36416K, reserved 393216K
  class space    used 5284K, committed 5824K, reserved 327680K
}
Event: 40.788 GC heap after
{Heap after GC invocations=7 (full 0):
 garbage-first heap   total 262144K, used 41537K [0x00000000e0000000, 0x0000000100000000)
  region size 1024K, 8 young (8192K), 8 survivors (8192K)
 Metaspace       used 35255K, committed 36416K, reserved 393216K
  class space    used 5284K, committed 5824K, reserved 327680K
}

